#
# There is insufficient memory for the Java Runtime Environment to continue.
# Native memory allocation (mmap) failed to map 264241152 bytes for G1 virtual space
# Possible reasons:
#   The system is out of physical RAM or swap space
#   The process is running with CompressedOops enabled, and the Java Heap may be blocking the growth of the native heap
# Possible solutions:
#   Reduce memory load on the system
#   Increase physical memory or swap space
#   Check if swap backing store is full
#   Decrease Java heap size (-Xmx/-Xms)
#   Decrease number of Java threads
#   Decrease Java thread stack sizes (-Xss)
#   Set larger code cache with -XX:ReservedCodeCacheSize=
#   JVM is running with Zero Based Compressed Oops mode in which the Java heap is
#     placed in the first 32GB address space. The Java Heap base address is the
#     maximum limit for the native heap growth. Please use -XX:HeapBaseMinAddress
#     to set the Java Heap base and to place the Java Heap above 32GB virtual address.
# This output file may be truncated or incomplete.
#
#  Out of Memory Error (./open/src/hotspot/os/windows/os_windows.cpp:3472), pid=16648, tid=13768
#
# JRE version:  (15.0+36) (build )
# Java VM: Java HotSpot(TM) 64-Bit Server VM (15+36-1562, mixed mode, sharing, tiered, compressed oops, g1 gc, windows-amd64)
# No core dump will be written. Minidumps are not enabled by default on client versions of Windows
#

---------------  S U M M A R Y ------------

Command Line: -javaagent:C:\Program Files\JetBrains\IntelliJ IDEA Community Edition 2020.2.2\lib\idea_rt.jar=59994:C:\Program Files\JetBrains\IntelliJ IDEA Community Edition 2020.2.2\bin -Dfile.encoding=UTF-8 com.company.Main

Host: Intel(R) Core(TM) i7-9750H CPU @ 2.60GHz, 12 cores, 15G,  Windows 10 , 64 bit Build 19041 (10.0.19041.1202)
Time: Fri Oct 22 00:31:49 2021 GMT Daylight Time elapsed time: 0.010603 seconds (0d 0h 0m 0s)

---------------  T H R E A D  ---------------

Current thread (0x0000019ed0d222c0):  JavaThread "Unknown thread" [_thread_in_vm, id=13768, stack(0x0000001bd9900000,0x0000001bd9a00000)]

Stack: [0x0000001bd9900000,0x0000001bd9a00000]
Native frames: (J=compiled Java code, j=interpreted, Vv=VM code, C=native code)
V  [jvm.dll+0x629eaa]
V  [jvm.dll+0x780379]
V  [jvm.dll+0x781ad3]
V  [jvm.dll+0x782133]
V  [jvm.dll+0x2159d5]
V  [jvm.dll+0x627299]
V  [jvm.dll+0x61bdd5]
V  [jvm.dll+0x2cf96d]
V  [jvm.dll+0x2cf7d2]
V  [jvm.dll+0x2d57ac]
V  [jvm.dll+0x32523a]
V  [jvm.dll+0x324904]
V  [jvm.dll+0x2a68ea]
V  [jvm.dll+0x2a7a88]
V  [jvm.dll+0x75d0f1]
V  [jvm.dll+0x333af4]
V  [jvm.dll+0x73d816]
V  [jvm.dll+0x3b68e7]
V  [jvm.dll+0x3b8371]
C  [jli.dll+0x52fb]
C  [ucrtbase.dll+0x21bb2]
C  [KERNEL32.DLL+0x17034]
C  [ntdll.dll+0x52651]


---------------  P R O C E S S  ---------------

Threads class SMR info:
_java_thread_list=0x00007fff48492fa0, length=0, elements={
}

Java Threads: ( => current thread )

Other Threads:
  0x0000019ed0d727e0 GCTaskThread "GC Thread#0" [stack: 0x0000001bd9a00000,0x0000001bd9b00000] [id=8860]
  0x0000019ed0d83670 ConcurrentGCThread "G1 Main Marker" [stack: 0x0000001bd9b00000,0x0000001bd9c00000] [id=32640]
  0x0000019ed0d84a80 ConcurrentGCThread "G1 Conc#0" [stack: 0x0000001bd9c00000,0x0000001bd9d00000] [id=29620]

[error occurred during error reporting (printing all threads), id 0xc0000005, EXCEPTION_ACCESS_VIOLATION (0xc0000005) at pc=0x00007fff47c877b7]

VM state: not at safepoint (not fully initialized)

VM Mutex/Monitor currently owned by a thread:  ([mutex/lock_event])
[0x0000019ed0d1d350] Heap_lock - owner thread: 0x0000019ed0d222c0

Heap address: 0x0000000704400000, size: 4028 MB, Compressed Oops mode: Zero based, Oop shift amount: 3
CDS archive(s) mapped at: [0x0000000000000000-0x0000000000000000-0x0000000000000000), size 0, SharedBaseAddress: 0x0000000800000000, ArchiveRelocationMode: 0.
Narrow klass base: 0x0000000000000000, Narrow klass shift: 0, Narrow klass range: 0x0

Heap:
 garbage-first heap   total 258048K, used 0K [0x0000000704400000, 0x0000000800000000)
  region size 2048K, 0 young (0K), 0 survivors (0K)
 Metaspace       used 0K, capacity 0K, committed 0K, reserved 0K
  class space    used 0K, capacity 0K, committed 0K, reserved 0K

Heap Regions: E=young(eden), S=young(survivor), O=old, HS=humongous(starts), HC=humongous(continues), CS=collection set, F=free, OA=open archive, CA=closed archive, TAMS=top-at-mark-start (previous, next)

Card table byte_map: [0x0000019ee8c90000,0x0000019ee9470000] _byte_map_base: 0x0000019ee546e000

Marking Bits (Prev, Next): (CMBitMap*) 0x0000019ed0d73050, (CMBitMap*) 0x0000019ed0d73090
 Prev Bits: [0x0000019ee9c50000, 0x0000019eedb40000)
 Next Bits: [0x0000019eedb40000, 0x0000019ef1a30000)

GC Heap History (0 events):
No events

Deoptimization events (0 events):
No events

Classes unloaded (0 events):
No events

Classes redefined (0 events):
No events

Internal exceptions (0 events):
No events

Events (1 events):
Event: 0.007 Loaded shared library C:\Program Files\Java\jdk-15\bin\java.dll


Dynamic libraries:
0x00007ff710c50000 - 0x00007ff710c5f000 	C:\Program Files\Java\jdk-15\bin\java.exe
0x00007fff92a70000 - 0x00007fff92c65000 	C:\WINDOWS\SYSTEM32\ntdll.dll
0x00007fff91eb0000 - 0x00007fff91f6e000 	C:\WINDOWS\System32\KERNEL32.DLL
0x00007fff903b0000 - 0x00007fff90679000 	C:\WINDOWS\System32\KERNELBASE.dll
0x00007fff90680000 - 0x00007fff90780000 	C:\WINDOWS\System32\ucrtbase.dll
0x00007fff87110000 - 0x00007fff87129000 	C:\Program Files\Java\jdk-15\bin\VCRUNTIME140.dll
0x00007fff86830000 - 0x00007fff86848000 	C:\Program Files\Java\jdk-15\bin\jli.dll
0x00007fff90ad0000 - 0x00007fff90b7c000 	C:\WINDOWS\System32\ADVAPI32.dll
0x00007fff913a0000 - 0x00007fff9143e000 	C:\WINDOWS\System32\msvcrt.dll
0x00007fff919b0000 - 0x00007fff91a4b000 	C:\WINDOWS\System32\sechost.dll
0x00007fff92880000 - 0x00007fff929aa000 	C:\WINDOWS\System32\RPCRT4.dll
0x00007fff90c50000 - 0x00007fff90df1000 	C:\WINDOWS\System32\USER32.dll
0x00007fff90190000 - 0x00007fff901b2000 	C:\WINDOWS\System32\win32u.dll
0x00007fff757d0000 - 0x00007fff75a6a000 	C:\WINDOWS\WinSxS\amd64_microsoft.windows.common-controls_6595b64144ccf1df_6.0.19041.1110_none_60b5254171f9507e\COMCTL32.dll
0x00007fff92850000 - 0x00007fff9287b000 	C:\WINDOWS\System32\GDI32.dll
0x00007fff901c0000 - 0x00007fff902cb000 	C:\WINDOWS\System32\gdi32full.dll
0x00007fff90810000 - 0x00007fff908ad000 	C:\WINDOWS\System32\msvcp_win.dll
0x00007fff87aa0000 - 0x00007fff87aaa000 	C:\WINDOWS\SYSTEM32\VERSION.dll
0x00007fff91280000 - 0x00007fff912b0000 	C:\WINDOWS\System32\IMM32.DLL
0x00007fff8e9b0000 - 0x00007fff8e9bc000 	C:\Program Files\Java\jdk-15\bin\vcruntime140_1.dll
0x00007fff6c480000 - 0x00007fff6c511000 	C:\Program Files\Java\jdk-15\bin\msvcp140.dll
0x00007fff479d0000 - 0x00007fff4852c000 	C:\Program Files\Java\jdk-15\bin\server\jvm.dll
0x00007fff90ac0000 - 0x00007fff90ac8000 	C:\WINDOWS\System32\PSAPI.DLL
0x00007fff81e40000 - 0x00007fff81e67000 	C:\WINDOWS\SYSTEM32\WINMM.dll
0x00007fff7afd0000 - 0x00007fff7afd9000 	C:\WINDOWS\SYSTEM32\WSOCK32.dll
0x00007fff91940000 - 0x00007fff919ab000 	C:\WINDOWS\System32\WS2_32.dll
0x00007fff8ea10000 - 0x00007fff8ea22000 	C:\WINDOWS\SYSTEM32\kernel.appcore.dll
0x00007fff8e990000 - 0x00007fff8e99a000 	C:\Program Files\Java\jdk-15\bin\jimage.dll
0x00007fff8e690000 - 0x00007fff8e874000 	C:\WINDOWS\SYSTEM32\DBGHELP.DLL
0x00007fff85f90000 - 0x00007fff85fbc000 	C:\WINDOWS\SYSTEM32\dbgcore.DLL
0x00007fff90780000 - 0x00007fff90803000 	C:\WINDOWS\System32\bcryptPrimitives.dll
0x00007fff88eb0000 - 0x00007fff88ebe000 	C:\Program Files\Java\jdk-15\bin\instrument.dll
0x00007fff83b20000 - 0x00007fff83b45000 	C:\Program Files\Java\jdk-15\bin\java.dll

dbghelp: loaded successfully - version: 4.0.5 - missing functions: none
symbol engine: initialized successfully - sym options: 0x614 - pdb path: .;C:\Program Files\Java\jdk-15\bin;C:\WINDOWS\SYSTEM32;C:\WINDOWS\WinSxS\amd64_microsoft.windows.common-controls_6595b64144ccf1df_6.0.19041.1110_none_60b5254171f9507e;C:\Program Files\Java\jdk-15\bin\server

VM Arguments:
jvm_args: -javaagent:C:\Program Files\JetBrains\IntelliJ IDEA Community Edition 2020.2.2\lib\idea_rt.jar=59994:C:\Program Files\JetBrains\IntelliJ IDEA Community Edition 2020.2.2\bin -Dfile.encoding=UTF-8 
java_command: com.company.Main
java_class_path (initial): C:\Users\Annie\IdeaProjects\Year2_Project2\out\production\Year2_Project2
Launcher Type: SUN_STANDARD

[Global flags]
     intx CICompilerCount                          = 4                                         {product} {ergonomic}
     uint ConcGCThreads                            = 3                                         {product} {ergonomic}
     uint G1ConcRefinementThreads                  = 10                                        {product} {ergonomic}
   size_t G1HeapRegionSize                         = 2097152                                   {product} {ergonomic}
    uintx GCDrainStackTargetSize                   = 64                                        {product} {ergonomic}
   size_t InitialHeapSize                          = 264241152                                 {product} {ergonomic}
   size_t MarkStackSize                            = 4194304                                   {product} {ergonomic}
   size_t MaxHeapSize                              = 4223664128                                {product} {ergonomic}
   size_t MinHeapDeltaBytes                        = 2097152                                   {product} {ergonomic}
   size_t MinHeapSize                              = 8388608                                   {product} {ergonomic}
    uintx NonNMethodCodeHeapSize                   = 5839372                                {pd product} {ergonomic}
    uintx NonProfiledCodeHeapSize                  = 122909434                              {pd product} {ergonomic}
    uintx ProfiledCodeHeapSize                     = 122909434                              {pd product} {ergonomic}
    uintx ReservedCodeCacheSize                    = 251658240                              {pd product} {ergonomic}
     bool SegmentedCodeCache                       = true                                      {product} {ergonomic}
   size_t SoftMaxHeapSize                          = 4223664128                             {manageable} {ergonomic}
     bool UseCompressedClassPointers               = true                                 {lp64_product} {ergonomic}
     bool UseCompressedOops                        = true                                 {lp64_product} {ergonomic}
     bool UseG1GC                                  = true                                      {product} {ergonomic}
     bool UseLargePagesIndividualAllocation        = false                                  {pd product} {ergonomic}

Logging:
Log output configuration:
 #0: stdout all=warning uptime,level,tags
 #1: stderr all=off uptime,level,tags

Environment Variables:
PATH=C:\Program Files (x86)\Razer Chroma SDK\bin;C:\Program Files\Razer Chroma SDK\bin;C:\Program Files (x86)\Razer\ChromaBroadcast\bin;C:\Program Files\Razer\ChromaBroadcast\bin;C:\Program Files (x86)\Common Files\Intel\Shared Libraries\redist\intel64\compiler;C:\Program Files\Common Files\Oracle\Java\javapath;C:\Program Files (x86)\Common Files\Oracle\Java\javapath;C:\Windows\system32;C:\Windows;C:\Windows\System32\Wbem;C:\Windows\System32\WindowsPowerShell\v1.0\;C:\Windows\System32\OpenSSH\;C:\Program Files (x86)\NVIDIA Corporation\PhysX\Common;C:\Program Files\NVIDIA Corporation\NVIDIA NvDLISR;C:\Program Files\dotnet\;C:\Program Files\Microsoft SQL Server\130\Tools\Binn\;C:\Program Files\Microsoft SQL Server\Client SDK\ODBC\170\Tools\Binn\;C:\Program Files\Git\cmd;C:\Program Files\Git LFS;C:\sqlite;C:\Program Files\Java\jdk-15\bin;C:\Users\Annie\AppData\Local\Programs\Python\Python37\Scripts\;C:\Users\Annie\AppData\Local\Programs\Python\Python37\;C:\Users\Annie\AppData\Local\Microsoft\WindowsApps;C:\Users\Annie\.dotnet\tools;;%SystemRoot%\system32;%SystemRoot%;%SystemRoot%\System32\Wbem;%SYSTEMROOT%\System32\WindowsPowerShell\v1.0\;%SYSTEMROOT%\System32\OpenSSH\;C:\Program Files\Java\jdk-15\bin;C:\Users\Annie\AppData\Local\Programs\Python\Python37\Scripts\;C:\Users\Annie\AppData\Local\Programs\Python\Python37\;C:\Users\Annie\AppData\Local\Microsoft\WindowsApps;C:\Users\Annie\.dotnet\tools;C:\Users\Annie\AppData\Local\GitHubDesktop\bin;
USERNAME=Annie
OS=Windows_NT
PROCESSOR_IDENTIFIER=Intel64 Family 6 Model 158 Stepping 10, GenuineIntel



---------------  S Y S T E M  ---------------

OS:
 Windows 10 , 64 bit Build 19041 (10.0.19041.1202)
OS uptime: 6 days 0:05 hours

CPU: total 12 (initial active 12) (6 cores per cpu, 2 threads per core) family 6 model 158 stepping 10, cmov, cx8, fxsr, mmx, sse, sse2, sse3, ssse3, sse4.1, sse4.2, popcnt, vzeroupper, avx, avx2, aes, clmul, erms, 3dnowpref, lzcnt, ht, tsc, tscinvbit, bmi1, bmi2, adx, fma, clflush, clflushopt

Memory: 4k page, system-wide physical 16111M (449M free)
TotalPageFile size 65247M (AvailPageFile size 168M)
current process WorkingSet (physical memory assigned to process): 10M, peak: 10M
current process commit charge ("private bytes"): 64M, peak: 316M

vm_info: Java HotSpot(TM) 64-Bit Server VM (15+36-1562) for windows-amd64 JRE (15+36-1562), built on Aug 11 2020 22:38:02 by "mach5one" with unknown MS VC++:1925

END.
